<?xml version="1.0" encoding="UTF-8"?>
<testsuite xmlns:xsi="http://www.w3.org/2001/XMLSchema-instance" xsi:noNamespaceSchemaLocation="https://maven.apache.org/surefire/maven-surefire-plugin/xsd/surefire-test-report.xsd" version="3.0.2" name="siptek.kantinemama.e2e.StokManagementE2ETest" time="0.01" tests="8" errors="0" skipped="0" failures="0">
  <properties>
[...]
</properties>
  <testcase name="step1_stokAwalTerload" classname="siptek.kantinemama.e2e.StokManagementE2ETest" time="0.0">
    <system-out><![CDATA[JavaFX toolkit not initialized, skipping background table timer service (expected in headless tests).
]]></system-out>
  </testcase>
  <testcase name="step2_statusAwalStokAman" classname="siptek.kantinemama.e2e.StokManagementE2ETest" time="0.001"/>
  <testcase name="step3_tambahStok" classname="siptek.kantinemama.e2e.StokManagementE2ETest" time="0.001"/>
  <testcase name="step4_kurangiKeBatas" classname="siptek.kantinemama.e2e.StokManagementE2ETest" time="0.001"/>
  <testcase name="step5_kurangiKeNol" classname="siptek.kantinemama.e2e.StokManagementE2ETest" time="0.0"/>
  <testcase name="step6_restock" classname="siptek.kantinemama.e2e.StokManagementE2ETest" time="0.0"/>
  <testcase name="step7_multipleItemsIndependen" classname="siptek.kantinemama.e2e.StokManagementE2ETest" time="0.001"/>
  <testcase name="step8_stokNegatif" classname="siptek.kantinemama.e2e.StokManagementE2ETest" time="0.0"/>
</testsuite>