<?xml version="1.0" encoding="UTF-8"?>
<testsuite xmlns:xsi="http://www.w3.org/2001/XMLSchema-instance" xsi:noNamespaceSchemaLocation="https://maven.apache.org/surefire/maven-surefire-plugin/xsd/surefire-test-report.xsd" version="3.0.2" name="siptek.kantinemama.model.MenuItemTest" time="0.013" tests="24" errors="0" skipped="0" failures="0">
  <properties>
[...]
</properties>
  <testcase name="setNama_denganNull" classname="siptek.kantinemama.model.MenuItemTest" time="0.0"/>
  <testcase name="isAktif_nilaiBenar" classname="siptek.kantinemama.model.MenuItemTest" time="0.0"/>
  <testcase name="setAktif_mengubahNilai" classname="siptek.kantinemama.model.MenuItemTest" time="0.001"/>
  <testcase name="constructor_denganStringKosong" classname="siptek.kantinemama.model.MenuItemTest" time="0.0"/>
  <testcase name="setSisaPorsi_keNol" classname="siptek.kantinemama.model.MenuItemTest" time="0.0"/>
  <testcase name="constructor_aktifFalse" classname="siptek.kantinemama.model.MenuItemTest" time="0.001"/>
  <testcase name="constructor_semuaFieldTerisi" classname="siptek.kantinemama.model.MenuItemTest" time="0.0"/>
  <testcase name="setNama_mengubahNilai" classname="siptek.kantinemama.model.MenuItemTest" time="0.0"/>
  <testcase name="sisaPorsiNegatif" classname="siptek.kantinemama.model.MenuItemTest" time="0.0"/>
  <testcase name="constructor_denganNilaiNull" classname="siptek.kantinemama.model.MenuItemTest" time="0.0"/>
  <testcase name="toggleAktif_bolakBalik" classname="siptek.kantinemama.model.MenuItemTest" time="0.001"/>
  <testcase name="setId_mengubahNilai" classname="siptek.kantinemama.model.MenuItemTest" time="0.0"/>
  <testcase name="getSisaPorsi_nilaiBenar" classname="siptek.kantinemama.model.MenuItemTest" time="0.001"/>
  <testcase name="setKategori_mengubahNilai" classname="siptek.kantinemama.model.MenuItemTest" time="0.0"/>
  <testcase name="getNama_nilaiBenar" classname="siptek.kantinemama.model.MenuItemTest" time="0.0"/>
  <testcase name="getId_nilaiBenar" classname="siptek.kantinemama.model.MenuItemTest" time="0.001"/>
  <testcase name="getGambarPath_nilaiBenar" classname="siptek.kantinemama.model.MenuItemTest" time="0.0"/>
  <testcase name="hargaSangatBesar" classname="siptek.kantinemama.model.MenuItemTest" time="0.001"/>
  <testcase name="hargaNol_tidakError" classname="siptek.kantinemama.model.MenuItemTest" time="0.0"/>
  <testcase name="setHarga_mengubahNilai" classname="siptek.kantinemama.model.MenuItemTest" time="0.0"/>
  <testcase name="setSisaPorsi_mengubahNilai" classname="siptek.kantinemama.model.MenuItemTest" time="0.0"/>
  <testcase name="getKategori_nilaiBenar" classname="siptek.kantinemama.model.MenuItemTest" time="0.0"/>
  <testcase name="getHarga_nilaiBenar" classname="siptek.kantinemama.model.MenuItemTest" time="0.0"/>
  <testcase name="setGambarPath_mengubahNilai" classname="siptek.kantinemama.model.MenuItemTest" time="0.001"/>
</testsuite>